CompileCommand: exclude com/intellij/openapi/vfs/impl/FilePartNodeRoot.trieDescend bool exclude = true
2023-07-18 16:39:19,187 [  10420]   WARN - #c.i.e.RunManager - Must be not called before project components initialized
Info  | RdCoroutineScope          | 46:DefaultDispatcher-worker-31 | RdCoroutineHost overridden 
Project service: backend-crud-with-spring-boot
2023-07-18 16:39:24,283 [  15516]   WARN - #c.i.o.a.i.ActionUpdater - 1641 ms to grab EDT for ToolWindowHeader$2#update@ToolwindowTitle (com.intellij.toolWindow.ToolWindowHeader$2)
2023-07-18 16:39:28,989 [  20222]   WARN - #c.i.u.x.Binding - no accessors for com.intellij.ide.util.TipsUsageManager$State
2023-07-18 16:40:38,591 [  89824] SEVERE - com.jediterm.terminal.model.TerminalTextBuffer - Attempt to get line out of bounds: 11 >= 11
2023-07-18 16:40:38,592 [  89825] SEVERE - com.jediterm.terminal.model.TerminalTextBuffer - Attempt to get line out of bounds: 11 >= 11
2023-07-18 16:44:54,250 [ 345483]   WARN - #c.i.o.a.i.Utils - 1116 ms to fillMenu@ProjectViewPopup
2023-07-18 16:44:56,942 [ 348175]   WARN - #c.i.o.a.i.ActionButton - Template presentations must not be used directly
java.lang.Throwable: Template presentations must not be used directly
	at com.intellij.openapi.actionSystem.impl.ActionButton.<init>(ActionButton.java:85)
	at com.intellij.ide.wizard.AbstractNewProjectWizardMultiStepWithAddButton$setupSwitcherUi$1$1.invoke(AbstractNewProjectWizardMultiStepWithAddButton.kt:43)
	at com.intellij.ide.wizard.AbstractNewProjectWizardMultiStepWithAddButton$setupSwitcherUi$1$1.invoke(AbstractNewProjectWizardMultiStepWithAddButton.kt:38)
	at com.intellij.ui.dsl.builder.impl.PanelImpl.row(PanelImpl.kt:60)
	at com.intellij.ui.dsl.builder.impl.PanelImpl.row(PanelImpl.kt:47)
	at com.intellij.ui.dsl.builder.impl.PanelImpl.row(PanelImpl.kt:23)
	at com.intellij.ide.wizard.AbstractNewProjectWizardMultiStepWithAddButton.setupSwitcherUi(AbstractNewProjectWizardMultiStepWithAddButton.kt:38)
	at com.intellij.ide.wizard.AbstractNewProjectWizardMultiStepBase.setupUI(AbstractNewProjectWizardMultiStepBase.kt:46)
	at com.intellij.ide.wizard.UIWizardUtil$stepSequence$1.setupUI(UIWizardUtil.kt:62)
	at com.intellij.ide.wizard.NewProjectWizardStepPanel$component$2$1.invoke(NewProjectWizardStepPanel.kt:21)
	at com.intellij.ide.wizard.NewProjectWizardStepPanel$component$2$1.invoke(NewProjectWizardStepPanel.kt:20)
	at com.intellij.ui.dsl.builder.BuilderKt.panel(builder.kt:19)
	at com.intellij.ide.wizard.NewProjectWizardStepPanel$component$2.invoke(NewProjectWizardStepPanel.kt:20)
	at com.intellij.ide.wizard.NewProjectWizardStepPanel$component$2.invoke(NewProjectWizardStepPanel.kt:19)
	at kotlin.SynchronizedLazyImpl.getValue(LazyJVM.kt:74)
	at com.intellij.ide.wizard.NewProjectWizardStepPanel.getComponent(NewProjectWizardStepPanel.kt:19)
	at com.intellij.ide.wizard.AbstractNewProjectWizardBuilder$BridgeStep.getComponent(AbstractNewProjectWizardBuilder.kt:60)
	at com.intellij.ide.wizard.AbstractNewProjectWizardBuilder$BridgeStep.getComponent(AbstractNewProjectWizardBuilder.kt:50)
	at com.intellij.ide.projectWizard.ProjectTypeStep.showCustomOptions(ProjectTypeStep.java:553)
	at com.intellij.ide.projectWizard.ProjectTypeStep.projectTypeChanged(ProjectTypeStep.java:465)
	at com.intellij.ide.projectWizard.ProjectTypeStep.lambda$new$3(ProjectTypeStep.java:207)
	at java.desktop/javax.swing.JList.fireSelectionValueChanged(JList.java:1831)
	at java.desktop/javax.swing.JList$ListSelectionHandler.valueChanged(JList.java:1845)
	at java.desktop/javax.swing.DefaultListSelectionModel.fireValueChanged(DefaultListSelectionModel.java:224)
	at java.desktop/javax.swing.DefaultListSelectionModel.fireValueChanged(DefaultListSelectionModel.java:204)
	at java.desktop/javax.swing.DefaultListSelectionModel.fireValueChanged(DefaultListSelectionModel.java:251)
	at java.desktop/javax.swing.DefaultListSelectionModel.changeSelection(DefaultListSelectionModel.java:448)
	at java.desktop/javax.swing.DefaultListSelectionModel.changeSelection(DefaultListSelectionModel.java:458)
	at java.desktop/javax.swing.DefaultListSelectionModel.setSelectionInterval(DefaultListSelectionModel.java:502)
	at java.desktop/javax.swing.JList.setSelectedIndex(JList.java:2232)
	at com.intellij.ide.projectWizard.ProjectTypeStep.<init>(ProjectTypeStep.java:236)
	at com.intellij.ide.projectWizard.NewProjectWizard.init(NewProjectWizard.java:66)
	at com.intellij.ide.projectWizard.NewProjectWizard.<init>(NewProjectWizard.java:49)
	at com.intellij.openapi.roots.ui.configuration.actions.NewModuleAction.actionPerformed(NewModuleAction.java:47)
	at com.intellij.openapi.actionSystem.ex.ActionUtil.doPerformActionOrShowPopup(ActionUtil.java:323)
	at com.intellij.openapi.actionSystem.ex.ActionUtil.lambda$performActionDumbAwareWithCallbacks$4(ActionUtil.java:302)
	at com.intellij.openapi.actionSystem.ex.ActionUtil.performDumbAwareWithCallbacks(ActionUtil.java:346)
	at com.intellij.openapi.actionSystem.ex.ActionUtil.performActionDumbAwareWithCallbacks(ActionUtil.java:302)
	at com.intellij.openapi.actionSystem.impl.ActionMenuItem.lambda$performAction$5(ActionMenuItem.java:296)
	at com.intellij.openapi.wm.impl.FocusManagerImpl.runOnOwnContext(FocusManagerImpl.java:226)
	at com.intellij.openapi.actionSystem.impl.ActionMenuItem.performAction(ActionMenuItem.java:289)
	at com.intellij.openapi.actionSystem.impl.ActionMenuItem.lambda$new$0(ActionMenuItem.java:64)
	at java.desktop/javax.swing.AbstractButton.fireActionPerformed(AbstractButton.java:1972)
	at com.intellij.openapi.actionSystem.impl.ActionMenuItem.lambda$fireActionPerformed$4(ActionMenuItem.java:111)
	at com.intellij.openapi.application.TransactionGuardImpl.performActivity(TransactionGuardImpl.java:105)
	at com.intellij.openapi.application.TransactionGuardImpl.performUserActivity(TransactionGuardImpl.java:94)
	at com.intellij.openapi.actionSystem.impl.ActionMenuItem.fireActionPerformed(ActionMenuItem.java:111)
	at com.intellij.ui.plaf.beg.BegMenuItemUI.doClick(BegMenuItemUI.java:526)
	at com.intellij.ui.plaf.beg.BegMenuItemUI$MyMouseInputHandler.mouseReleased(BegMenuItemUI.java:558)
	at java.desktop/java.awt.Component.processMouseEvent(Component.java:6648)
	at java.desktop/javax.swing.JComponent.processMouseEvent(JComponent.java:3392)
	at java.desktop/java.awt.Component.processEvent(Component.java:6413)
	at java.desktop/java.awt.Container.processEvent(Container.java:2266)
	at java.desktop/java.awt.Component.dispatchEventImpl(Component.java:5022)
	at java.desktop/java.awt.Container.dispatchEventImpl(Container.java:2324)
	at java.desktop/java.awt.Component.dispatchEvent(Component.java:4854)
	at java.desktop/java.awt.LightweightDispatcher.retargetMouseEvent(Container.java:4948)
	at java.desktop/java.awt.LightweightDispatcher.processMouseEvent(Container.java:4575)
	at java.desktop/java.awt.LightweightDispatcher.dispatchEvent(Container.java:4516)
	at java.desktop/java.awt.Container.dispatchEventImpl(Container.java:2310)
	at java.desktop/java.awt.Window.dispatchEventImpl(Window.java:2802)
	at java.desktop/java.awt.Component.dispatchEvent(Component.java:4854)
	at java.desktop/java.awt.EventQueue.dispatchEventImpl(EventQueue.java:781)
	at java.desktop/java.awt.EventQueue$4.run(EventQueue.java:730)
	at java.desktop/java.awt.EventQueue$4.run(EventQueue.java:724)
	at java.base/java.security.AccessController.doPrivileged(AccessController.java:399)
	at java.base/java.security.ProtectionDomain$JavaSecurityAccessImpl.doIntersectionPrivilege(ProtectionDomain.java:86)
	at java.base/java.security.ProtectionDomain$JavaSecurityAccessImpl.doIntersectionPrivilege(ProtectionDomain.java:97)
	at java.desktop/java.awt.EventQueue$5.run(EventQueue.java:754)
	at java.desktop/java.awt.EventQueue$5.run(EventQueue.java:752)
	at java.base/java.security.AccessController.doPrivileged(AccessController.java:399)
	at java.base/java.security.ProtectionDomain$JavaSecurityAccessImpl.doIntersectionPrivilege(ProtectionDomain.java:86)
	at java.desktop/java.awt.EventQueue.dispatchEvent(EventQueue.java:751)
	at com.intellij.ide.IdeEventQueue.defaultDispatchEvent(IdeEventQueue.java:909)
	at com.intellij.ide.IdeEventQueue.dispatchMouseEvent(IdeEventQueue.java:831)
	at com.intellij.ide.IdeEventQueue._dispatchEvent(IdeEventQueue.java:753)
	at com.intellij.ide.IdeEventQueue.lambda$dispatchEvent$5(IdeEventQueue.java:437)
	at com.intellij.openapi.progress.impl.CoreProgressManager.computePrioritized(CoreProgressManager.java:772)
	at com.intellij.ide.IdeEventQueue.lambda$dispatchEvent$6(IdeEventQueue.java:436)
	at com.intellij.openapi.application.TransactionGuardImpl.performActivity(TransactionGuardImpl.java:113)
	at com.intellij.ide.IdeEventQueue.performActivity(IdeEventQueue.java:615)
	at com.intellij.ide.IdeEventQueue.lambda$dispatchEvent$7(IdeEventQueue.java:434)
	at com.intellij.openapi.application.impl.ApplicationImpl.runIntendedWriteActionOnCurrentThread(ApplicationImpl.java:813)
	at com.intellij.ide.IdeEventQueue.dispatchEvent(IdeEventQueue.java:480)
	at java.desktop/java.awt.EventDispatchThread.pumpOneEventForFilters(EventDispatchThread.java:207)
	at java.desktop/java.awt.EventDispatchThread.pumpEventsForFilter(EventDispatchThread.java:128)
	at java.desktop/java.awt.EventDispatchThread.pumpEventsForHierarchy(EventDispatchThread.java:117)
	at java.desktop/java.awt.EventDispatchThread.pumpEvents(EventDispatchThread.java:113)
	at java.desktop/java.awt.EventDispatchThread.pumpEvents(EventDispatchThread.java:105)
	at java.desktop/java.awt.EventDispatchThread.run(EventDispatchThread.java:92)
2023-07-18 16:46:05,025 [ 416258]   WARN - #o.j.i.maven - Using extension org.jetbrains.idea.maven.maven3.Maven3Support@1ed4ca71 to start MavenServer
2023-07-18 16:46:05,068 [ 416301]   WARN - #c.i.u.x.Binding - no accessors for com.intellij.openapi.fileEditor.impl.FileEditorProviderManagerImpl$FileEditorProviderManagerState
2023-07-18 16:46:09,570 [ 420803]   WARN - #c.i.u.x.Binding - no accessors for org.jetbrains.idea.perforce.perforce.ConnectionId
2023-07-18 16:46:51,762 [ 462995]   WARN - #c.i.o.r.u.c.SdkDetector - No version is returned for detected SDK IDEA JDK at /opt/jetbrains/idea-IU-223.8214.52
2023-07-18 16:47:53,343 [ 524576]   WARN - #c.i.o.a.i.ActionButton - Template presentations must not be used directly
java.lang.Throwable: Template presentations must not be used directly
	at com.intellij.openapi.actionSystem.impl.ActionButton.<init>(ActionButton.java:85)
	at com.intellij.ide.wizard.AbstractNewProjectWizardMultiStepWithAddButton$setupSwitcherUi$1$1.invoke(AbstractNewProjectWizardMultiStepWithAddButton.kt:43)
	at com.intellij.ide.wizard.AbstractNewProjectWizardMultiStepWithAddButton$setupSwitcherUi$1$1.invoke(AbstractNewProjectWizardMultiStepWithAddButton.kt:38)
	at com.intellij.ui.dsl.builder.impl.PanelImpl.row(PanelImpl.kt:60)
	at com.intellij.ui.dsl.builder.impl.PanelImpl.row(PanelImpl.kt:47)
	at com.intellij.ui.dsl.builder.impl.PanelImpl.row(PanelImpl.kt:23)
	at com.intellij.ide.wizard.AbstractNewProjectWizardMultiStepWithAddButton.setupSwitcherUi(AbstractNewProjectWizardMultiStepWithAddButton.kt:38)
	at com.intellij.ide.wizard.AbstractNewProjectWizardMultiStepBase.setupUI(AbstractNewProjectWizardMultiStepBase.kt:46)
	at com.intellij.ide.wizard.UIWizardUtil$stepSequence$1.setupUI(UIWizardUtil.kt:62)
	at com.intellij.ide.wizard.NewProjectWizardStepPanel$component$2$1.invoke(NewProjectWizardStepPanel.kt:21)
	at com.intellij.ide.wizard.NewProjectWizardStepPanel$component$2$1.invoke(NewProjectWizardStepPanel.kt:20)
	at com.intellij.ui.dsl.builder.BuilderKt.panel(builder.kt:19)
	at com.intellij.ide.wizard.NewProjectWizardStepPanel$component$2.invoke(NewProjectWizardStepPanel.kt:20)
	at com.intellij.ide.wizard.NewProjectWizardStepPanel$component$2.invoke(NewProjectWizardStepPanel.kt:19)
	at kotlin.SynchronizedLazyImpl.getValue(LazyJVM.kt:74)
	at com.intellij.ide.wizard.NewProjectWizardStepPanel.getComponent(NewProjectWizardStepPanel.kt:19)
	at com.intellij.ide.wizard.AbstractNewProjectWizardBuilder$BridgeStep.getComponent(AbstractNewProjectWizardBuilder.kt:60)
	at com.intellij.ide.wizard.AbstractNewProjectWizardBuilder$BridgeStep.getComponent(AbstractNewProjectWizardBuilder.kt:50)
	at com.intellij.ide.projectWizard.ProjectTypeStep.showCustomOptions(ProjectTypeStep.java:553)
	at com.intellij.ide.projectWizard.ProjectTypeStep.projectTypeChanged(ProjectTypeStep.java:465)
	at com.intellij.ide.projectWizard.ProjectTypeStep.lambda$new$3(ProjectTypeStep.java:207)
	at java.desktop/javax.swing.JList.fireSelectionValueChanged(JList.java:1831)
	at java.desktop/javax.swing.JList$ListSelectionHandler.valueChanged(JList.java:1845)
	at java.desktop/javax.swing.DefaultListSelectionModel.fireValueChanged(DefaultListSelectionModel.java:224)
	at java.desktop/javax.swing.DefaultListSelectionModel.fireValueChanged(DefaultListSelectionModel.java:204)
	at java.desktop/javax.swing.DefaultListSelectionModel.fireValueChanged(DefaultListSelectionModel.java:251)
	at java.desktop/javax.swing.DefaultListSelectionModel.changeSelection(DefaultListSelectionModel.java:448)
	at java.desktop/javax.swing.DefaultListSelectionModel.changeSelection(DefaultListSelectionModel.java:458)
	at java.desktop/javax.swing.DefaultListSelectionModel.setSelectionInterval(DefaultListSelectionModel.java:502)
	at java.desktop/javax.swing.JList.setSelectedIndex(JList.java:2232)
	at java.desktop/javax.swing.JList.setSelectedValue(JList.java:2389)
	at com.intellij.ide.projectWizard.ProjectTypeStep.<init>(ProjectTypeStep.java:232)
	at com.intellij.ide.projectWizard.NewProjectWizard.init(NewProjectWizard.java:66)
	at com.intellij.ide.projectWizard.NewProjectWizard.<init>(NewProjectWizard.java:49)
	at com.intellij.openapi.roots.ui.configuration.actions.NewModuleAction.actionPerformed(NewModuleAction.java:47)
	at com.intellij.openapi.actionSystem.ex.ActionUtil.doPerformActionOrShowPopup(ActionUtil.java:323)
	at com.intellij.openapi.actionSystem.ex.ActionUtil.lambda$performActionDumbAwareWithCallbacks$4(ActionUtil.java:302)
	at com.intellij.openapi.actionSystem.ex.ActionUtil.performDumbAwareWithCallbacks(ActionUtil.java:346)
	at com.intellij.openapi.actionSystem.ex.ActionUtil.performActionDumbAwareWithCallbacks(ActionUtil.java:302)
	at com.intellij.openapi.actionSystem.impl.ActionMenuItem.lambda$performAction$5(ActionMenuItem.java:296)
	at com.intellij.openapi.wm.impl.FocusManagerImpl.runOnOwnContext(FocusManagerImpl.java:226)
	at com.intellij.openapi.actionSystem.impl.ActionMenuItem.performAction(ActionMenuItem.java:289)
	at com.intellij.openapi.actionSystem.impl.ActionMenuItem.lambda$new$0(ActionMenuItem.java:64)
	at java.desktop/javax.swing.AbstractButton.fireActionPerformed(AbstractButton.java:1972)
	at com.intellij.openapi.actionSystem.impl.ActionMenuItem.lambda$fireActionPerformed$4(ActionMenuItem.java:111)
	at com.intellij.openapi.application.TransactionGuardImpl.performActivity(TransactionGuardImpl.java:105)
	at com.intellij.openapi.application.TransactionGuardImpl.performUserActivity(TransactionGuardImpl.java:94)
	at com.intellij.openapi.actionSystem.impl.ActionMenuItem.fireActionPerformed(ActionMenuItem.java:111)
	at com.intellij.ui.plaf.beg.BegMenuItemUI.doClick(BegMenuItemUI.java:526)
	at com.intellij.ui.plaf.beg.BegMenuItemUI$MyMouseInputHandler.mouseReleased(BegMenuItemUI.java:558)
	at java.desktop/java.awt.Component.processMouseEvent(Component.java:6648)
	at java.desktop/javax.swing.JComponent.processMouseEvent(JComponent.java:3392)
	at java.desktop/java.awt.Component.processEvent(Component.java:6413)
	at java.desktop/java.awt.Container.processEvent(Container.java:2266)
	at java.desktop/java.awt.Component.dispatchEventImpl(Component.java:5022)
	at java.desktop/java.awt.Container.dispatchEventImpl(Container.java:2324)
	at java.desktop/java.awt.Component.dispatchEvent(Component.java:4854)
	at java.desktop/java.awt.LightweightDispatcher.retargetMouseEvent(Container.java:4948)
	at java.desktop/java.awt.LightweightDispatcher.processMouseEvent(Container.java:4575)
	at java.desktop/java.awt.LightweightDispatcher.dispatchEvent(Container.java:4516)
	at java.desktop/java.awt.Container.dispatchEventImpl(Container.java:2310)
	at java.desktop/java.awt.Window.dispatchEventImpl(Window.java:2802)
	at java.desktop/java.awt.Component.dispatchEvent(Component.java:4854)
	at java.desktop/java.awt.EventQueue.dispatchEventImpl(EventQueue.java:781)
	at java.desktop/java.awt.EventQueue$4.run(EventQueue.java:730)
	at java.desktop/java.awt.EventQueue$4.run(EventQueue.java:724)
	at java.base/java.security.AccessController.doPrivileged(AccessController.java:399)
	at java.base/java.security.ProtectionDomain$JavaSecurityAccessImpl.doIntersectionPrivilege(ProtectionDomain.java:86)
	at java.base/java.security.ProtectionDomain$JavaSecurityAccessImpl.doIntersectionPrivilege(ProtectionDomain.java:97)
	at java.desktop/java.awt.EventQueue$5.run(EventQueue.java:754)
	at java.desktop/java.awt.EventQueue$5.run(EventQueue.java:752)
	at java.base/java.security.AccessController.doPrivileged(AccessController.java:399)
	at java.base/java.security.ProtectionDomain$JavaSecurityAccessImpl.doIntersectionPrivilege(ProtectionDomain.java:86)
	at java.desktop/java.awt.EventQueue.dispatchEvent(EventQueue.java:751)
	at com.intellij.ide.IdeEventQueue.defaultDispatchEvent(IdeEventQueue.java:909)
	at com.intellij.ide.IdeEventQueue.dispatchMouseEvent(IdeEventQueue.java:831)
	at com.intellij.ide.IdeEventQueue._dispatchEvent(IdeEventQueue.java:753)
	at com.intellij.ide.IdeEventQueue.lambda$dispatchEvent$5(IdeEventQueue.java:437)
	at com.intellij.openapi.progress.impl.CoreProgressManager.computePrioritized(CoreProgressManager.java:772)
	at com.intellij.ide.IdeEventQueue.lambda$dispatchEvent$6(IdeEventQueue.java:436)
	at com.intellij.openapi.application.TransactionGuardImpl.performActivity(TransactionGuardImpl.java:113)
	at com.intellij.ide.IdeEventQueue.performActivity(IdeEventQueue.java:615)
	at com.intellij.ide.IdeEventQueue.lambda$dispatchEvent$7(IdeEventQueue.java:434)
	at com.intellij.openapi.application.impl.ApplicationImpl.runIntendedWriteActionOnCurrentThread(ApplicationImpl.java:813)
	at com.intellij.ide.IdeEventQueue.dispatchEvent(IdeEventQueue.java:480)
	at java.desktop/java.awt.EventDispatchThread.pumpOneEventForFilters(EventDispatchThread.java:207)
	at java.desktop/java.awt.EventDispatchThread.pumpEventsForFilter(EventDispatchThread.java:128)
	at java.desktop/java.awt.EventDispatchThread.pumpEventsForHierarchy(EventDispatchThread.java:117)
	at java.desktop/java.awt.EventDispatchThread.pumpEvents(EventDispatchThread.java:113)
	at java.desktop/java.awt.EventDispatchThread.pumpEvents(EventDispatchThread.java:105)
	at java.desktop/java.awt.EventDispatchThread.run(EventDispatchThread.java:92)
2023-07-18 16:47:56,187 [ 527420]   WARN - #c.i.o.r.u.c.SdkDetector - No version is returned for detected SDK IDEA JDK at /opt/jetbrains/idea-IU-223.8214.52
2023-07-18 16:50:11,051 [ 662284]   WARN - com.jediterm.terminal.TerminalMode - Mode InsertMode is not implemented, setting to false
2023-07-18 17:06:57,180 [1668413]   WARN - #c.i.b.BuildTreeConsoleView - start event id collision found:Downloading org.springframework.boot:spring-boot-starter-web::unknown, was also in node: null
2023-07-18 17:06:57,181 [1668414]   WARN - #c.i.b.BuildTreeConsoleView - start event id collision found:Downloading mysql:mysql-connector-java::8.0.26, was also in node: null
2023-07-18 17:06:57,195 [1668428]   WARN - #c.i.b.BuildTreeConsoleView - start event id collision found:Downloading com.google.protobuf:protobuf-java::3.11.4, was also in node: null
2023-07-18 17:06:57,195 [1668428]   WARN - #c.i.b.BuildTreeConsoleView - start event id collision found:Downloading org.slf4j:slf4j-api::2.0.0-alpha1, was also in node: null
2023-07-18 17:06:57,195 [1668428]   WARN - #c.i.b.BuildTreeConsoleView - start event id collision found:Downloading org.projectlombok:lombok::unknown, was also in node: null
2023-07-18 17:06:57,195 [1668428]   WARN - #c.i.b.BuildTreeConsoleView - start event id collision found:Downloading org.springframework.boot:spring-boot-starter-data-jpa::unknown, was also in node: null
2023-07-18 17:06:57,196 [1668429]   WARN - #c.i.b.BuildTreeConsoleView - start event id collision found:Downloading org.springframework.boot:spring-boot-starter-validation::unknown, was also in node: null
2023-07-18 18:09:07,469 [5398702]   WARN - #c.i.o.a.i.ActionUpdater - 552 ms to grab EDT for CWMTelephonyGroup#update@NavBarToolbar (com.jetbrains.rd.platform.codeWithMe.telephony.CWMTelephonyGroup)
2023-07-18 18:09:16,904 [5408137]   WARN - #c.i.o.a.i.ActionUpdater - 5337 ms to grab EDT for CWMTelephonyGroup#update@NavBarToolbar (com.jetbrains.rd.platform.codeWithMe.telephony.CWMTelephonyGroup)
2023-07-18 18:09:16,904 [5408137]   WARN - #c.i.o.a.i.ActionUpdater - 1457 ms to grab EDT for ToolWindowHeader$2#update@ToolwindowTitle (com.intellij.toolWindow.ToolWindowHeader$2)
2023-07-18 18:09:35,182 [5426415]   WARN - #c.i.o.a.i.ActionUpdater - 5337 ms total to grab EDT 1 times to expand DefaultActionGroup@NavBarToolbar (CustomisedActionGroup/com.intellij.openapi.actionSystem.DefaultActionGroup). Use `ActionUpdateThread.BGT`.
2023-07-18 18:09:41,513 [5432746]   WARN - #c.i.o.a.i.ActionUpdater - 11363 ms to call on BGT precache-slow-data@DeviceAndSnapshotComboBoxAction#update@NavBarToolbar (com.android.tools.idea.run.deployment.DeviceAndSnapshotComboBoxAction)
2023-07-18 18:09:41,524 [5432757]   WARN - #c.i.o.a.i.ActionUpdater - 5712 ms to grab EDT for CWMTelephonyGroup#update@NavBarToolbar (com.jetbrains.rd.platform.codeWithMe.telephony.CWMTelephonyGroup)
2023-07-18 18:09:41,532 [5432765]   WARN - #c.i.o.a.i.ActionUpdater - 5712 ms total to grab EDT 1 times to expand DefaultActionGroup@NavBarToolbar (CustomisedActionGroup/com.intellij.openapi.actionSystem.DefaultActionGroup). Use `ActionUpdateThread.BGT`.
2023-07-18 18:10:01,114 [5452347]   WARN - #c.i.o.a.i.ActionUpdater - 4464 ms to grab EDT for CWMTelephonyGroup#update@NavBarToolbar (com.jetbrains.rd.platform.codeWithMe.telephony.CWMTelephonyGroup)
2023-07-18 18:10:01,315 [5452548]   WARN - #c.i.o.a.i.ActionUpdater - 4465 ms total to grab EDT 4 times to expand DefaultActionGroup@NavBarToolbar (CustomisedActionGroup/com.intellij.openapi.actionSystem.DefaultActionGroup). Use `ActionUpdateThread.BGT`.
2023-07-18 18:10:02,733 [5453966]   WARN - #c.i.o.a.i.ActionUpdater - 702 ms to grab EDT for CWMTelephonyGroup#update@NavBarToolbar (com.jetbrains.rd.platform.codeWithMe.telephony.CWMTelephonyGroup)
2023-07-18 18:10:08,711 [5459944]   WARN - #c.i.o.a.i.ActionUpdater - 1793 ms to call on BGT CWMHostShowPopupAction#update@NavBarToolbar (com.jetbrains.rdserver.toolbar.CWMHostShowPopupAction)
2023-07-18 18:10:10,069 [5461302]   WARN - #c.i.o.a.i.ActionUpdater - 1282 ms to call on BGT ExecutorRegistryImpl$ExecutorAction#update@NavBarToolbar (DefaultExecutorGroup$ExecutorGroupWrapper$HideDisabledActionWrapper/com.intellij.execution.ExecutorRegistryImpl$ExecutorAction)
2023-07-18 18:10:11,421 [5462654]   WARN - #c.i.o.a.i.ActionUpdater - 2634 ms to call on BGT SplitButtonAction#update@NavBarToolbar (com.intellij.openapi.actionSystem.SplitButtonAction)
2023-07-18 18:10:14,594 [5465827]   WARN - #c.i.o.a.i.ActionUpdater - 1389 ms to call on BGT ExecutorRegistryImpl$ExecutorAction#update@NavBarToolbar (com.intellij.execution.ExecutorRegistryImpl$ExecutorAction)
2023-07-18 18:10:15,083 [5466316]   WARN - #c.i.o.a.i.ActionUpdater - 1826 ms to grab EDT for ToolWindowHeader$2#getChildren@ToolwindowTitle (com.intellij.toolWindow.ToolWindowHeader$2)
2023-07-18 18:10:18,078 [5469311]   WARN - #c.i.o.a.i.ActionUpdater - 1610 ms to call on BGT ExecutorRegistryImpl$ExecutorAction#update@NavBarToolbar (com.intellij.execution.ExecutorRegistryImpl$ExecutorAction)
2023-07-18 18:10:29,231 [5480464]   WARN - #c.i.o.a.i.ActionUpdater - 2256 ms to call on BGT DefaultActionGroup#update@ToolwindowTitle (com.intellij.openapi.actionSystem.DefaultActionGroup)
2023-07-18 18:10:31,187 [5482420]   WARN - #c.i.o.a.i.ActionUpdater - 4197 ms to call on BGT precache-slow-data@LiveEditActionProvider$createAction$1#update@EditorInspectionsToolbar (com.android.tools.idea.editors.liveedit.ui.LiveEditActionProvider$createAction$1)
2023-07-18 18:59:59,438 [8450671] SEVERE - #c.i.u.c.QueueProcessor - Cannot find module entity for ModuleId(name=backend-crud-with-spring-boot). Bridge: 'Module: 'backend-crud-with-spring-boot''. Store: com.intellij.workspaceModel.storage.impl.MutableEntityStorageImpl@32acbaba
java.lang.IllegalStateException: Cannot find module entity for ModuleId(name=backend-crud-with-spring-boot). Bridge: 'Module: 'backend-crud-with-spring-boot''. Store: com.intellij.workspaceModel.storage.impl.MutableEntityStorageImpl@32acbaba
	at com.intellij.workspaceModel.ide.impl.legacyBridge.module.roots.ModifiableRootModelBridgeImpl.<init>(ModifiableRootModelBridgeImpl.kt:62)
	at com.intellij.workspaceModel.ide.impl.legacyBridge.module.roots.ModuleRootComponentBridge.getModifiableModelForMultiCommit(ModuleRootComponentBridge.kt:113)
	at com.intellij.workspaceModel.ide.impl.legacyBridge.module.roots.ModuleRootComponentBridge.getModifiableModelForMultiCommit(ModuleRootComponentBridge.kt:110)
	at com.intellij.openapi.roots.ui.configuration.ModuleEditor.getModifiableRootModel(ModuleEditor.java:121)
	at com.intellij.openapi.roots.ui.configuration.ModuleEditor.createPanel(ModuleEditor.java:226)
	at com.intellij.openapi.roots.ui.configuration.ModuleEditor.getPanel(ModuleEditor.java:245)
	at com.intellij.openapi.roots.ui.configuration.projectRoot.ModuleConfigurable.createOptionsPanel(ModuleConfigurable.java:122)
	at com.intellij.openapi.ui.NamedConfigurable.createComponent(NamedConfigurable.java:74)
	at com.intellij.openapi.ui.MasterDetailsComponent.updateSelection(MasterDetailsComponent.java:597)
	at com.intellij.openapi.roots.ui.configuration.projectRoot.ModuleStructureConfigurable.updateSelection(ModuleStructureConfigurable.java:195)
	at com.intellij.openapi.ui.MasterDetailsComponent.setSelectedNode(MasterDetailsComponent.java:588)
	at com.intellij.openapi.ui.MasterDetailsComponent.updateSelectionFromTree(MasterDetailsComponent.java:227)
	at com.intellij.openapi.ui.MasterDetailsComponent$5.scrollToSource(MasterDetailsComponent.java:192)
	at com.intellij.ui.AutoScrollToSourceHandler.lambda$onSelectionChanged$1(AutoScrollToSourceHandler.java:140)
	at com.intellij.util.concurrency.QueueProcessor.runSafely(QueueProcessor.java:241)
	at com.intellij.util.Alarm$Request.runSafely(Alarm.java:377)
	at com.intellij.util.Alarm$Request.run(Alarm.java:366)
	at java.base/java.util.concurrent.Executors$RunnableAdapter.call(Executors.java:539)
	at java.base/java.util.concurrent.FutureTask.run(FutureTask.java:264)
	at com.intellij.util.concurrency.SchedulingWrapper$MyScheduledFutureTask.run(SchedulingWrapper.java:272)
	at com.intellij.openapi.application.TransactionGuardImpl.runWithWritingAllowed(TransactionGuardImpl.java:209)
	at com.intellij.openapi.application.TransactionGuardImpl.access$100(TransactionGuardImpl.java:21)
	at com.intellij.openapi.application.TransactionGuardImpl$1.run(TransactionGuardImpl.java:191)
	at com.intellij.openapi.application.impl.ApplicationImpl.runIntendedWriteActionOnCurrentThread(ApplicationImpl.java:813)
	at com.intellij.openapi.application.impl.ApplicationImpl$3.run(ApplicationImpl.java:429)
	at com.intellij.openapi.application.impl.FlushQueue.doRun(FlushQueue.java:74)
	at com.intellij.openapi.application.impl.FlushQueue.runNextEvent(FlushQueue.java:114)
	at com.intellij.openapi.application.impl.FlushQueue.flushNow(FlushQueue.java:36)
	at java.desktop/java.awt.event.InvocationEvent.dispatch(InvocationEvent.java:318)
	at java.desktop/java.awt.EventQueue.dispatchEventImpl(EventQueue.java:779)
	at java.desktop/java.awt.EventQueue$4.run(EventQueue.java:730)
	at java.desktop/java.awt.EventQueue$4.run(EventQueue.java:724)
	at java.base/java.security.AccessController.doPrivileged(AccessController.java:399)
	at java.base/java.security.ProtectionDomain$JavaSecurityAccessImpl.doIntersectionPrivilege(ProtectionDomain.java:86)
	at java.desktop/java.awt.EventQueue.dispatchEvent(EventQueue.java:749)
	at com.intellij.ide.IdeEventQueue.defaultDispatchEvent(IdeEventQueue.java:909)
	at com.intellij.ide.IdeEventQueue._dispatchEvent(IdeEventQueue.java:756)
	at com.intellij.ide.IdeEventQueue.lambda$dispatchEvent$5(IdeEventQueue.java:437)
	at com.intellij.openapi.progress.impl.CoreProgressManager.computePrioritized(CoreProgressManager.java:772)
	at com.intellij.ide.IdeEventQueue.lambda$dispatchEvent$6(IdeEventQueue.java:436)
	at com.intellij.openapi.application.TransactionGuardImpl.performActivity(TransactionGuardImpl.java:113)
	at com.intellij.ide.IdeEventQueue.performActivity(IdeEventQueue.java:615)
	at com.intellij.ide.IdeEventQueue.lambda$dispatchEvent$7(IdeEventQueue.java:434)
	at com.intellij.openapi.application.impl.ApplicationImpl.runIntendedWriteActionOnCurrentThread(ApplicationImpl.java:813)
	at com.intellij.ide.IdeEventQueue.dispatchEvent(IdeEventQueue.java:480)
	at java.desktop/java.awt.EventDispatchThread.pumpOneEventForFilters(EventDispatchThread.java:207)
	at java.desktop/java.awt.EventDispatchThread.pumpEventsForFilter(EventDispatchThread.java:128)
	at java.desktop/java.awt.EventDispatchThread.pumpEventsForFilter(EventDispatchThread.java:121)
	at java.desktop/java.awt.WaitDispatchSupport$2.run(WaitDispatchSupport.java:191)
	at java.desktop/java.awt.WaitDispatchSupport$4.run(WaitDispatchSupport.java:236)
	at java.desktop/java.awt.WaitDispatchSupport$4.run(WaitDispatchSupport.java:234)
	at java.base/java.security.AccessController.doPrivileged(AccessController.java:318)
	at java.desktop/java.awt.WaitDispatchSupport.enter(WaitDispatchSupport.java:234)
	at java.desktop/java.awt.Dialog.show(Dialog.java:1080)
	at com.intellij.openapi.ui.impl.DialogWrapperPeerImpl$MyDialog.show(DialogWrapperPeerImpl.java:743)
	at com.intellij.openapi.ui.impl.DialogWrapperPeerImpl.show(DialogWrapperPeerImpl.java:467)
	at com.intellij.openapi.ui.DialogWrapper.doShow(DialogWrapper.java:1676)
	at com.intellij.openapi.ui.DialogWrapper.show(DialogWrapper.java:1634)
	at com.intellij.ide.actions.ShowStructureSettingsAction.showDialog(ShowStructureSettingsAction.java:47)
	at com.intellij.ide.actions.ShowStructureSettingsAction.actionPerformed(ShowStructureSettingsAction.java:37)
	at com.intellij.openapi.actionSystem.ex.ActionUtil.doPerformActionOrShowPopup(ActionUtil.java:323)
	at com.intellij.openapi.actionSystem.ex.ActionUtil.lambda$performActionDumbAwareWithCallbacks$4(ActionUtil.java:302)
	at com.intellij.openapi.actionSystem.ex.ActionUtil.performDumbAwareWithCallbacks(ActionUtil.java:346)
	at com.intellij.openapi.actionSystem.ex.ActionUtil.performActionDumbAwareWithCallbacks(ActionUtil.java:302)
	at com.intellij.openapi.actionSystem.impl.ActionMenuItem.lambda$performAction$5(ActionMenuItem.java:296)
	at com.intellij.openapi.wm.impl.FocusManagerImpl.runOnOwnContext(FocusManagerImpl.java:226)
	at com.intellij.openapi.actionSystem.impl.ActionMenuItem.performAction(ActionMenuItem.java:289)
	at com.intellij.openapi.actionSystem.impl.ActionMenuItem.lambda$new$0(ActionMenuItem.java:64)
	at java.desktop/javax.swing.AbstractButton.fireActionPerformed(AbstractButton.java:1972)
	at com.intellij.openapi.actionSystem.impl.ActionMenuItem.lambda$fireActionPerformed$4(ActionMenuItem.java:111)
	at com.intellij.openapi.application.TransactionGuardImpl.performActivity(TransactionGuardImpl.java:105)
	at com.intellij.openapi.application.TransactionGuardImpl.performUserActivity(TransactionGuardImpl.java:94)
	at com.intellij.openapi.actionSystem.impl.ActionMenuItem.fireActionPerformed(ActionMenuItem.java:111)
	at com.intellij.ui.plaf.beg.BegMenuItemUI.doClick(BegMenuItemUI.java:526)
	at com.intellij.ui.plaf.beg.BegMenuItemUI$MyMouseInputHandler.mouseReleased(BegMenuItemUI.java:558)
	at java.desktop/java.awt.Component.processMouseEvent(Component.java:6648)
	at java.desktop/javax.swing.JComponent.processMouseEvent(JComponent.java:3392)
	at java.desktop/java.awt.Component.processEvent(Component.java:6413)
	at java.desktop/java.awt.Container.processEvent(Container.java:2266)
	at java.desktop/java.awt.Component.dispatchEventImpl(Component.java:5022)
	at java.desktop/java.awt.Container.dispatchEventImpl(Container.java:2324)
	at java.desktop/java.awt.Component.dispatchEvent(Component.java:4854)
	at java.desktop/java.awt.LightweightDispatcher.retargetMouseEvent(Container.java:4948)
	at java.desktop/java.awt.LightweightDispatcher.processMouseEvent(Container.java:4575)
	at java.desktop/java.awt.LightweightDispatcher.dispatchEvent(Container.java:4516)
	at java.desktop/java.awt.Container.dispatchEventImpl(Container.java:2310)
	at java.desktop/java.awt.Window.dispatchEventImpl(Window.java:2802)
	at java.desktop/java.awt.Component.dispatchEvent(Component.java:4854)
	at java.desktop/java.awt.EventQueue.dispatchEventImpl(EventQueue.java:781)
	at java.desktop/java.awt.EventQueue$4.run(EventQueue.java:730)
	at java.desktop/java.awt.EventQueue$4.run(EventQueue.java:724)
	at java.base/java.security.AccessController.doPrivileged(AccessController.java:399)
	at java.base/java.security.ProtectionDomain$JavaSecurityAccessImpl.doIntersectionPrivilege(ProtectionDomain.java:86)
	at java.base/java.security.ProtectionDomain$JavaSecurityAccessImpl.doIntersectionPrivilege(ProtectionDomain.java:97)
	at java.desktop/java.awt.EventQueue$5.run(EventQueue.java:754)
	at java.desktop/java.awt.EventQueue$5.run(EventQueue.java:752)
	at java.base/java.security.AccessController.doPrivileged(AccessController.java:399)
	at java.base/java.security.ProtectionDomain$JavaSecurityAccessImpl.doIntersectionPrivilege(ProtectionDomain.java:86)
	at java.desktop/java.awt.EventQueue.dispatchEvent(EventQueue.java:751)
	at com.intellij.ide.IdeEventQueue.defaultDispatchEvent(IdeEventQueue.java:909)
	at com.intellij.ide.IdeEventQueue.dispatchMouseEvent(IdeEventQueue.java:831)
	at com.intellij.ide.IdeEventQueue._dispatchEvent(IdeEventQueue.java:753)
	at com.intellij.ide.IdeEventQueue.lambda$dispatchEvent$5(IdeEventQueue.java:437)
	at com.intellij.openapi.progress.impl.CoreProgressManager.computePrioritized(CoreProgressManager.java:772)
	at com.intellij.ide.IdeEventQueue.lambda$dispatchEvent$6(IdeEventQueue.java:436)
	at com.intellij.openapi.application.TransactionGuardImpl.performActivity(TransactionGuardImpl.java:113)
	at com.intellij.ide.IdeEventQueue.performActivity(IdeEventQueue.java:615)
	at com.intellij.ide.IdeEventQueue.lambda$dispatchEvent$7(IdeEventQueue.java:434)
	at com.intellij.openapi.application.impl.ApplicationImpl.runIntendedWriteActionOnCurrentThread(ApplicationImpl.java:813)
	at com.intellij.ide.IdeEventQueue.dispatchEvent(IdeEventQueue.java:480)
	at java.desktop/java.awt.EventDispatchThread.pumpOneEventForFilters(EventDispatchThread.java:207)
	at java.desktop/java.awt.EventDispatchThread.pumpEventsForFilter(EventDispatchThread.java:128)
	at java.desktop/java.awt.EventDispatchThread.pumpEventsForHierarchy(EventDispatchThread.java:117)
	at java.desktop/java.awt.EventDispatchThread.pumpEvents(EventDispatchThread.java:113)
	at java.desktop/java.awt.EventDispatchThread.pumpEvents(EventDispatchThread.java:105)
	at java.desktop/java.awt.EventDispatchThread.run(EventDispatchThread.java:92)
2023-07-18 18:59:59,442 [8450675] SEVERE - #c.i.u.c.QueueProcessor - IntelliJ IDEA 2022.3.1  Build #IU-223.8214.52
2023-07-18 18:59:59,442 [8450675] SEVERE - #c.i.u.c.QueueProcessor - JDK: 17.0.5; VM: OpenJDK 64-Bit Server VM; Vendor: JetBrains s.r.o.
2023-07-18 18:59:59,442 [8450675] SEVERE - #c.i.u.c.QueueProcessor - OS: Linux
2023-07-18 19:00:23,543 [8474776]   WARN - #c.i.i.s.download - Shared indexes download was cancelled. Indexing has completed faster
2023-07-18 19:02:11,843 [8583076]   WARN - #o.j.k.i.s.r.KotlinCompilerReferenceIndexStorage - kotlin-data-container is not found
2023-07-18 19:02:12,804 [8584037]   WARN - #c.i.o.a.i.ActionUpdater - 405 ms to grab EDT for SelectFileAction#isSelectEnabled@ToolwindowTitle (com.intellij.ide.projectView.impl.SelectFileAction)
2023-07-18 19:02:12,804 [8584037]   WARN - #c.i.o.a.i.ActionUpdater - 405 ms to grab EDT for GitCommitWithStagingAreaAction#update@NavBarToolbar (git4idea.index.actions.GitCommitWithStagingAreaAction)
2023-07-18 19:02:13,358 [8584591]   WARN - #c.i.o.a.i.ActionUpdater - 325 ms to grab EDT for DeviceAndSnapshotComboBoxAction#update@NavBarToolbar (com.android.tools.idea.run.deployment.DeviceAndSnapshotComboBoxAction)
2023-07-18 19:02:13,366 [8584599]   WARN - #c.i.o.a.i.ActionUpdater - 327 ms to grab EDT for ToolWindowHeader$2#update@ToolwindowTitle (com.intellij.toolWindow.ToolWindowHeader$2)
2023-07-18 19:03:12,237 [8643470]   WARN - #o.j.k.i.s.r.KotlinCompilerReferenceIndexStorage - kotlin-data-container is not found
2023-07-18 19:04:09,967 [8701200]   WARN - #o.j.k.i.s.r.KotlinCompilerReferenceIndexStorage - kotlin-data-container is not found
2023-07-18 19:04:49,848 [8741081]   WARN - #o.j.k.i.s.r.KotlinCompilerReferenceIndexStorage - kotlin-data-container is not found
2023-07-18 19:07:00,609 [8871842]   WARN - #o.j.k.i.s.r.KotlinCompilerReferenceIndexStorage - kotlin-data-container is not found
2023-07-18 19:10:27,881 [9079114]   WARN - #o.j.k.i.s.r.KotlinCompilerReferenceIndexStorage - kotlin-data-container is not found
2023-07-18 19:12:17,856 [9189089]   WARN - #o.j.k.i.s.r.KotlinCompilerReferenceIndexStorage - kotlin-data-container is not found
